{
  "RSpec": {
    "coverage": {
      "/home/israellca/tic-tac-toe-rb-ruby-apply-000/lib/tic_tac_toe.rb": [
        null,
        null,
        1,
        null,
        null,
        null,
        null,
        null,
        null,
        null,
        null,
        null,
        1,
        7,
        7,
        7,
        7,
        7,
        null,
        null,
        1,
        6,
        null,
        null,
        1,
        5,
        null,
        null,
        1,
        16,
        null,
        null,
        1,
        6,
        null,
        null,
        1,
        3,
        3,
        3,
        3,
        2,
        2,
        null,
        1,
        null,
        null,
        null,
        1,
        40,
        null,
        null,
        1,
        3,
        null,
        null,
        1,
        14,
        101,
        null,
        null,
        null,
        null,
        null,
        1,
        46,
        null,
        null,
        1,
        7,
        null,
        null,
        1,
        3,
        null,
        null,
        1,
        3,
        2,
        null,
        null
      ]
    },
    "timestamp": 1589443502
  }
}
