{
  "RSpec": {
    "coverage": {
      "/home/israellca/tic-tac-toe-rb-ruby-apply-000/lib/tic_tac_toe.rb": [
        null,
        null,
        1,
        null,
        null,
        null,
        null,
        null,
        null,
        null,
        null,
        null,
        1,
        30,
        30,
        30,
        30,
        30,
        null,
        null,
        1,
        47548,
        null,
        null,
        1,
        29,
        null,
        null,
        1,
        47550,
        null,
        null,
        1,
        47548,
        null,
        null,
        1,
        47555,
        47549,
        47545,
        47545,
        25,
        25,
        null,
        47520,
        null,
        null,
        null,
        1,
        12,
        12,
        35,
        23,
        null,
        null,
        null,
        1,
        2,
        2,
        18,
        5,
        null,
        null,
        2,
        null,
        null,
        1,
        1,
        1,
        null,
        0,
        null,
        null,
        null,
        1,
        12,
        84,
        84,
        84,
        84,
        null,
        null,
        null,
        1,
        9,
        60,
        null,
        null,
        null,
        1,
        8,
        null,
        null,
        1,
        3,
        null,
        null,
        1,
        3,
        3,
        2,
        2,
        null,
        null
      ]
    },
    "timestamp": 1589442983
  }
}
